<?xml version="1.0" encoding="UTF-8"?>
<coverage generated="1678900857223" clover="3.2.0">
  <project timestamp="1678900857224" name="All files">
    <metrics statements="19" coveredstatements="19" conditionals="22" coveredconditionals="22" methods="6" coveredmethods="6" elements="47" coveredelements="47" complexity="0" loc="19" ncloc="19" packages="1" files="1" classes="1"/>
    <file name="operacoes.js" path="C:\Users\aime.rabello\TDD\src\operacoes.js">
      <metrics statements="19" coveredstatements="19" conditionals="22" coveredconditionals="22" methods="6" coveredmethods="6"/>
      <line num="2" count="5" type="cond" truecount="4" falsecount="0"/>
      <line num="3" count="2" type="stmt"/>
      <line num="5" count="3" type="stmt"/>
      <line num="11" count="5" type="cond" truecount="4" falsecount="0"/>
      <line num="12" count="2" type="stmt"/>
      <line num="14" count="3" type="stmt"/>
      <line num="20" count="9" type="cond" truecount="4" falsecount="0"/>
      <line num="21" count="2" type="stmt"/>
      <line num="25" count="7" type="stmt"/>
      <line num="31" count="8" type="cond" truecount="4" falsecount="0"/>
      <line num="32" count="2" type="stmt"/>
      <line num="34" count="6" type="stmt"/>
      <line num="40" count="9" type="cond" truecount="4" falsecount="0"/>
      <line num="41" count="2" type="stmt"/>
      <line num="43" count="7" type="stmt"/>
      <line num="49" count="8" type="cond" truecount="2" falsecount="0"/>
      <line num="50" count="1" type="stmt"/>
      <line num="57" count="7" type="stmt"/>
      <line num="60" count="1" type="stmt"/>
    </file>
  </project>
</coverage>
