TN:
SF:src\operacoes.js
FN:1,sum
FN:10,sub
FN:19,div
FN:30,mult
FN:39,Matchpow
FN:48,Mathsqrt
FNF:6
FNH:6
FNDA:5,sum
FNDA:5,sub
FNDA:9,div
FNDA:8,mult
FNDA:9,Matchpow
FNDA:8,Mathsqrt
DA:2,5
DA:3,2
DA:5,3
DA:11,5
DA:12,2
DA:14,3
DA:20,9
DA:21,2
DA:25,7
DA:31,8
DA:32,2
DA:34,6
DA:40,9
DA:41,2
DA:43,7
DA:49,8
DA:50,1
DA:57,7
DA:60,1
LF:19
LH:19
BRDA:2,0,0,2
BRDA:2,0,1,3
BRDA:2,1,0,5
BRDA:2,1,1,4
BRDA:11,2,0,2
BRDA:11,2,1,3
BRDA:11,3,0,5
BRDA:11,3,1,3
BRDA:20,4,0,2
BRDA:20,4,1,7
BRDA:20,5,0,9
BRDA:20,5,1,8
BRDA:31,6,0,2
BRDA:31,6,1,6
BRDA:31,7,0,8
BRDA:31,7,1,7
BRDA:40,8,0,2
BRDA:40,8,1,7
BRDA:40,9,0,9
BRDA:40,9,1,8
BRDA:49,10,0,1
BRDA:49,10,1,7
BRF:22
BRH:22
end_of_record
